<?xml version="1.0" encoding="UTF-8"?>
<testng-results ignored="0" total="4" passed="4" failed="0" skipped="0">
  <reporter-output>
  </reporter-output>
  <suite started-at="2024-08-02T12:09:29 PDT" name="Default suite" finished-at="2024-08-02T12:09:51 PDT" duration-ms="22199">
    <groups>
      <group name="cucumber">
        <method signature="AbstractTestNGCucumberTests.runScenario(io.cucumber.testng.PickleWrapper,io.cucumber.testng.FeatureWrapper)[pri:0, instance:com.dsAlgoTestRunner.SequentialAndParallelTestRunner@3af9c5b7]" name="runScenario" class="io.cucumber.testng.AbstractTestNGCucumberTests"/>
      </group> <!-- cucumber -->
    </groups>
    <test started-at="2024-08-02T12:09:29 PDT" name="Default test" finished-at="2024-08-02T12:09:51 PDT" duration-ms="22199">
      <class name="com.dsAlgoTestRunner.SequentialAndParallelTestRunner">
        <test-method is-config="true" signature="setUpClass(org.testng.ITestContext)[pri:0, instance:com.dsAlgoTestRunner.SequentialAndParallelTestRunner@3af9c5b7]" started-at="2024-08-02T12:09:29 PDT" name="setUpClass" finished-at="2024-08-02T12:09:29 PDT" duration-ms="778" status="PASS">
          <params>
            <param index="0">
              <value>
                <![CDATA[org.testng.TestRunner@54c11750]]>
              </value>
            </param>
          </params>
          <reporter-output>
          </reporter-output>
        </test-method> <!-- setUpClass -->
        <test-method signature="runScenario(io.cucumber.testng.PickleWrapper,io.cucumber.testng.FeatureWrapper)[pri:0, instance:com.dsAlgoTestRunner.SequentialAndParallelTestRunner@3af9c5b7]" started-at="2024-08-02T12:09:29 PDT" name="runScenario" description="Runs Cucumber Scenarios" data-provider="scenarios" finished-at="2024-08-02T12:09:37 PDT" duration-ms="7875" status="PASS">
          <params>
            <param index="0">
              <value>
                <![CDATA["Login with invalid input and valid input from Excel"]]>
              </value>
            </param>
            <param index="1">
              <value>
                <![CDATA["Feature to test Loginfunctionality"]]>
              </value>
            </param>
          </params>
          <reporter-output>
          </reporter-output>
        </test-method> <!-- runScenario -->
        <test-method signature="runScenario(io.cucumber.testng.PickleWrapper,io.cucumber.testng.FeatureWrapper)[pri:0, instance:com.dsAlgoTestRunner.SequentialAndParallelTestRunner@3af9c5b7]" started-at="2024-08-02T12:09:37 PDT" name="runScenario" description="Runs Cucumber Scenarios" data-provider="scenarios" finished-at="2024-08-02T12:09:42 PDT" duration-ms="4495" status="PASS">
          <params>
            <param index="0">
              <value>
                <![CDATA["Login with invalid input and valid input from Excel"]]>
              </value>
            </param>
            <param index="1">
              <value>
                <![CDATA["Feature to test Loginfunctionality"]]>
              </value>
            </param>
          </params>
          <reporter-output>
          </reporter-output>
        </test-method> <!-- runScenario -->
        <test-method signature="runScenario(io.cucumber.testng.PickleWrapper,io.cucumber.testng.FeatureWrapper)[pri:0, instance:com.dsAlgoTestRunner.SequentialAndParallelTestRunner@3af9c5b7]" started-at="2024-08-02T12:09:42 PDT" name="runScenario" description="Runs Cucumber Scenarios" data-provider="scenarios" finished-at="2024-08-02T12:09:46 PDT" duration-ms="4553" status="PASS">
          <params>
            <param index="0">
              <value>
                <![CDATA["Login with invalid input and valid input from Excel"]]>
              </value>
            </param>
            <param index="1">
              <value>
                <![CDATA["Feature to test Loginfunctionality"]]>
              </value>
            </param>
          </params>
          <reporter-output>
          </reporter-output>
        </test-method> <!-- runScenario -->
        <test-method signature="runScenario(io.cucumber.testng.PickleWrapper,io.cucumber.testng.FeatureWrapper)[pri:0, instance:com.dsAlgoTestRunner.SequentialAndParallelTestRunner@3af9c5b7]" started-at="2024-08-02T12:09:46 PDT" name="runScenario" description="Runs Cucumber Scenarios" data-provider="scenarios" finished-at="2024-08-02T12:09:51 PDT" duration-ms="4425" status="PASS">
          <params>
            <param index="0">
              <value>
                <![CDATA["Login with invalid input and valid input from Excel"]]>
              </value>
            </param>
            <param index="1">
              <value>
                <![CDATA["Feature to test Loginfunctionality"]]>
              </value>
            </param>
          </params>
          <reporter-output>
          </reporter-output>
        </test-method> <!-- runScenario -->
        <test-method is-config="true" signature="tearDownClass()[pri:0, instance:com.dsAlgoTestRunner.SequentialAndParallelTestRunner@3af9c5b7]" started-at="2024-08-02T12:09:51 PDT" name="tearDownClass" finished-at="2024-08-02T12:09:51 PDT" duration-ms="17" status="PASS">
          <reporter-output>
          </reporter-output>
        </test-method> <!-- tearDownClass -->
      </class> <!-- com.dsAlgoTestRunner.SequentialAndParallelTestRunner -->
    </test> <!-- Default test -->
  </suite> <!-- Default suite -->
</testng-results>
